<?xml version="1.0" encoding="UTF-8"?>
<testng-results skipped="0" failed="0" ignored="0" total="0" passed="0">
  <reporter-output>
  </reporter-output>
  <suite name="com.vtiger.tests.BaseTest" duration-ms="27" started-at="2020-06-17T16:36:48 IST" finished-at="2020-06-17T16:36:49 IST">
    <groups>
    </groups>
    <test name="Command line test" duration-ms="27" started-at="2020-06-17T16:36:48 IST" finished-at="2020-06-17T16:36:49 IST">
      <class name="com.vtiger.tests.BaseTest">
        <test-method status="PASS" signature="reporting()[pri:0, instance:com.vtiger.tests.BaseTest@39c0f4a]" name="reporting" is-config="true" duration-ms="1352" started-at="2020-06-17T16:36:47 IST" finished-at="2020-06-17T16:36:48 IST">
          <reporter-output>
          </reporter-output>
        </test-method> <!-- reporting -->
      </class> <!-- com.vtiger.tests.BaseTest -->
    </test> <!-- Command line test -->
  </suite> <!-- com.vtiger.tests.BaseTest -->
</testng-results>
