<?xml version="1.0" encoding="UTF-8"?>
<!-- Generated by org.testng.reporters.JUnitXMLReporter -->
<testsuite hostname="Windows-7-PC" ignored="1" name="Default test(failed)" tests="1" failures="0" timestamp="2020-05-16T22:04:49 IST" time="22.905" errors="0">
  <testcase name="verigyloginpagecontent" time="0.759" classname="com.vtiger.tests.LoginTests"/>
  <testcase name="validlogin" time="0.0" classname="com.vtiger.tests.LoginTests">
    <ignored/>
  </testcase> <!-- validlogin -->
</testsuite> <!-- Default test(failed) -->
