<?xml version="1.0" encoding="UTF-8"?>
<!-- Generated by org.testng.reporters.JUnitXMLReporter -->
<testsuite hostname="Windows-7-PC" ignored="1" name="Test" tests="3" failures="0" timestamp="2020-05-16T22:05:56 IST" time="44.101" errors="0">
  <testcase name="@AfterMethod flushreport" time="0.0" classname="com.vtiger.tests.BaseTest">
    <failure type="java.lang.NullPointerException">
      <![CDATA[java.lang.NullPointerException
at com.vtiger.tests.BaseTest.flushreport(BaseTest.java:41)
at java.util.ArrayList.forEach(Unknown Source)
... Removed 32 stack frames]]>
    </failure>
  </testcase> <!-- @AfterMethod flushreport -->
  <testcase name="@AfterClass closeapp" time="-1.589646956411E9" classname="com.vtiger.tests.LeadE2E">
    <skipped/>
  </testcase> <!-- @AfterClass closeapp -->
  <testcase name="validlogin" time="5.296" classname="com.vtiger.tests.LoginTests"/>
  <testcase name="verigyloginpagecontent" time="0.692" classname="com.vtiger.tests.LoginTests"/>
  <testcase name="verifyleadE2Efunctionality" time="11.843" classname="com.vtiger.tests.LeadE2E"/>
  <testcase name="@BeforeSuite reporting" time="0.0" classname="com.vtiger.tests.BaseTest">
    <ignored/>
  </testcase> <!-- @BeforeSuite reporting -->
</testsuite> <!-- Test -->
